C51 COMPILER V9.60.7.0   MAIN                                                              02/02/2023 23:18:42 PAGE 1   


C51 COMPILER V9.60.7.0, COMPILATION OF MODULE MAIN
OBJECT MODULE PLACED IN main.OBJ
COMPILER INVOKED BY: C:\Keil_v5_9.61\C51\BIN\C51.EXE main.c OPTIMIZE(8,SPEED) BROWSE DEBUG OBJECTEXTEND TABS(2)

line level    source

   1          #include<reg51.h>
   2          #include"st7565.h"
   3          #include <stdio.h>
   4          #include "Serial.h"
   5          
   6          
   7          unsigned char xdata pic[1024];
   8          
   9          
  10          //-----display--one-picture--------
  11          void Picture_12864(unsigned char *ptr)
  12          { 
  13   1        unsigned char i,j;
  14   1        //data
  15   1        for(i=0;i<8;i++) 
  16   1        {
  17   2          LcdSt7565_WriteCmd(0x40);
  18   2        
  19   2          LcdSt7565_WriteCmd(0xB0+i);
  20   2        
  21   2          LcdSt7565_WriteCmd(0x10); 
  22   2          LcdSt7565_WriteCmd(0x04); 
  23   2        
  24   2          //skip 3x8 =24 pix on the right
  25   2          for(j=0;j<24;j++)  
  26   2          {
  27   3            LcdSt7565_WriteData(0);
  28   3          }
  29   2          for(j=0;j<80;j++)  //each image line is 80 pixel
  30   2          {
  31   3            LcdSt7565_WriteData(*ptr);
  32   3        
  33   3            ptr++;
  34   3          }
  35   2        }
  36   1        
  37   1      }
  38          
  39          void main(void)
  40          {
  41   1        uint idx;
  42   1        Lcd12864_Init();        
  43   1        Lcd12864_ClearScreen(); 
  44   1        
  45   1        InitUart(); 
  46   1          
  47   1        while (1) {
  48   2            //1024 frame is dropped to 640 bytes
  49   2            //get 640 bytes from serial
  50   2            //send ready signal
  51   2            SendUart(123);
  52   2            idx=0;
  53   2            while(idx <= 639) {
  54   3                pic[idx++] = RecvUart();
  55   3            }
C51 COMPILER V9.60.7.0   MAIN                                                              02/02/2023 23:18:42 PAGE 2   

  56   2            Picture_12864(pic);
  57   2              
  58   2        }
  59   1      }


MODULE INFORMATION:   STATIC OVERLAYABLE
   CODE SIZE        =    175    ----
   CONSTANT SIZE    =   ----    ----
   XDATA SIZE       =   1024    ----
   PDATA SIZE       =   ----    ----
   DATA SIZE        =   ----       7
   IDATA SIZE       =   ----    ----
   BIT SIZE         =   ----    ----
END OF MODULE INFORMATION.


C51 COMPILATION COMPLETE.  0 WARNING(S),  0 ERROR(S)
